[]1
Error - Something is wrong there is no such knowledge in the tuple space!
[]2
Error - Something is wrong there is no such knowledge in the tuple space!
[]3
Error - Something is wrong there is no such knowledge in the tuple space!
[]4
Error - Something is wrong there is no such knowledge in the tuple space!
[]5
Error - Something is wrong there is no such knowledge in the tuple space!
[]6
Error - Something is wrong there is no such knowledge in the tuple space!
[]7
Error - Something is wrong there is no such knowledge in the tuple space!
[]8
Error - Something is wrong there is no such knowledge in the tuple space!
[]9
Error - Something is wrong there is no such knowledge in the tuple space!
taken
taken
taken
taken
taken
taken
taken
taken
taken
[9, 8, 6, 7, 5, 4, 3, 2]1
Error - Something is wrong there is no such knowledge in the tuple space!
[9, 8, 6, 7, 5, 4, 3, 2]2
[9, 8, 6, 7, 5, 4, 3, 2]3
[9, 8, 6, 7, 5, 4, 3, 2]4
[9, 8, 6, 7, 5, 4, 3, 2]5
[9, 8, 6, 7, 5, 4, 3, 2]6
[9, 8, 6, 7, 5, 4, 3, 2]7
[9, 8, 6, 7, 5, 4, 3, 2]8
[9, 8, 6, 7, 5, 4, 3, 2]9
[9, 8, 6, 7, 5, 4, 3, 2]1
Error - Something is wrong there is no such knowledge in the tuple space!
[9, 8, 6, 7, 5, 4, 3, 2]2
[9, 8, 6, 7, 5, 4, 3, 2]3
[9, 8, 6, 7, 5, 4, 3, 2]4
[9, 8, 6, 7, 5, 4, 3, 2]5
[9, 8, 6, 7, 5, 4, 3, 2]6
[9, 8, 6, 7, 5, 4, 3, 2]7
[9, 8, 6, 7, 5, 4, 3, 2]8
[9, 8, 6, 7, 5, 4, 3, 2]9
[9, 8, 6, 7, 5, 4, 3, 2]1
Error - Something is wrong there is no such knowledge in the tuple space!
[9, 8, 6, 7, 5, 4, 3, 2]2
[9, 8, 6, 7, 5, 4, 3, 2]3
[9, 8, 6, 7, 5, 4, 3, 2]4
[9, 8, 6, 7, 5, 4, 3, 2]5
[9, 8, 6, 7, 5, 4, 3, 2]6
[9, 8, 6, 7, 5, 4, 3, 2]7
[9, 8, 6, 7, 5, 4, 3, 2]8
[9, 8, 6, 7, 5, 4, 3, 2]9
taken
taken
taken
taken
taken
taken
taken
taken
taken
[9, 8, 6, 7, 5, 4, 3, 2]1
Error - Something is wrong there is no such knowledge in the tuple space!
[9, 8, 6, 7, 5, 4, 3, 2]2
[9, 8, 6, 7, 5, 4, 3, 2]3
[9, 8, 6, 7, 5, 4, 3, 2]4
[9, 8, 6, 7, 5, 4, 3, 2]5
[9, 8, 6, 7, 5, 4, 3, 2]6
[9, 8, 6, 7, 5, 4, 3, 2]7
[9, 8, 6, 7, 5, 4, 3, 2]8
[9, 8, 6, 7, 5, 4, 3, 2]9
[9, 8, 6, 7, 5, 4, 3, 2]1
Error - Something is wrong there is no such knowledge in the tuple space!
[9, 8, 6, 7, 5, 4, 3, 2]2
[9, 8, 6, 7, 5, 4, 3, 2]3
[9, 8, 6, 7, 5, 4, 3, 2]4
[9, 8, 6, 7, 5, 4, 3, 2]5
[9, 8, 6, 7, 5, 4, 3, 2]6
[9, 8, 6, 7, 5, 4, 3, 2]7
[9, 8, 6, 7, 5, 4, 3, 2]8
[9, 8, 6, 7, 5, 4, 3, 2]9
[9, 8, 6, 7, 5, 4, 3, 2]1
Error - Something is wrong there is no such knowledge in the tuple space!
[9, 8, 6, 7, 5, 4, 3, 2]2
[9, 8, 6, 7, 5, 4, 3, 2]3
[9, 8, 6, 7, 5, 4, 3, 2]4
[9, 8, 6, 7, 5, 4, 3, 2]5
[9, 8, 6, 7, 5, 4, 3, 2]6
[9, 8, 6, 7, 5, 4, 3, 2]7
[9, 8, 6, 7, 5, 4, 3, 2]8
[9, 8, 6, 7, 5, 4, 3, 2]9
taken
taken
taken
taken
taken
taken
taken
taken
taken
[9, 8, 6, 7, 5, 4, 3, 2]1
Error - Something is wrong there is no such knowledge in the tuple space!
[9, 8, 6, 7, 5, 4, 3, 2]2
[9, 8, 6, 7, 5, 4, 3, 2]3
[9, 8, 6, 7, 5, 4, 3, 2]4
[9, 8, 6, 7, 5, 4, 3, 2]5
[9, 8, 6, 7, 5, 4, 3, 2]6
[9, 8, 6, 7, 5, 4, 3, 2]7
[9, 8, 6, 7, 5, 4, 3, 2]8
[9, 8, 6, 7, 5, 4, 3, 2]9
[9, 8, 6, 7, 5, 4, 3, 2]1
Error - Something is wrong there is no such knowledge in the tuple space!
[9, 8, 6, 7, 5, 4, 3, 2]2
[9, 8, 6, 7, 5, 4, 3, 2]3
[9, 8, 6, 7, 5, 4, 3, 2]4
[9, 8, 6, 7, 5, 4, 3, 2]5
[9, 8, 6, 7, 5, 4, 3, 2]6
[9, 8, 6, 7, 5, 4, 3, 2]7
[9, 8, 6, 7, 5, 4, 3, 2]8
[9, 8, 6, 7, 5, 4, 3, 2]9
[9, 8, 6, 7, 5, 4, 3, 2]1
Error - Something is wrong there is no such knowledge in the tuple space!
[9, 8, 6, 7, 5, 4, 3, 2]2
[9, 8, 6, 7, 5, 4, 3, 2]3
[9, 8, 6, 7, 5, 4, 3, 2]4
[9, 8, 6, 7, 5, 4, 3, 2]5
[9, 8, 6, 7, 5, 4, 3, 2]6
[9, 8, 6, 7, 5, 4, 3, 2]7
[9, 8, 6, 7, 5, 4, 3, 2]8
[9, 8, 6, 7, 5, 4, 3, 2]9
taken
taken
taken
taken
taken
taken
taken
taken
taken
[8, 9, 6, 7, 5, 4, 3, 2]1
Error - Something is wrong there is no such knowledge in the tuple space!
[8, 9, 6, 7, 5, 4, 3, 2]2
[8, 9, 6, 7, 5, 4, 3, 2]3
[8, 9, 6, 7, 5, 4, 3, 2]4
[8, 9, 6, 7, 5, 4, 3, 2]5
[8, 9, 6, 7, 5, 4, 3, 2]6
[8, 9, 6, 7, 5, 4, 3, 2]7
[8, 9, 6, 7, 5, 4, 3, 2]8
[8, 9, 6, 7, 5, 4, 3, 2]9
[8, 9, 6, 7, 5, 4, 3, 2]1
Error - Something is wrong there is no such knowledge in the tuple space!
[8, 9, 6, 7, 5, 4, 3, 2]2
[8, 9, 6, 7, 5, 4, 3, 2]3
[8, 9, 6, 7, 5, 4, 3, 2]4
[8, 9, 6, 7, 5, 4, 3, 2]5
[8, 9, 6, 7, 5, 4, 3, 2]6
[8, 9, 6, 7, 5, 4, 3, 2]7
[8, 9, 6, 7, 5, 4, 3, 2]8
[8, 9, 6, 7, 5, 4, 3, 2]9
[8, 9, 6, 7, 5, 4, 3, 2]1
Error - Something is wrong there is no such knowledge in the tuple space!
[8, 9, 6, 7, 5, 4, 3, 2]2
[8, 9, 6, 7, 5, 4, 3, 2]3
[8, 9, 6, 7, 5, 4, 3, 2]4
[8, 9, 6, 7, 5, 4, 3, 2]5
[8, 9, 6, 7, 5, 4, 3, 2]6
[8, 9, 6, 7, 5, 4, 3, 2]7
[8, 9, 6, 7, 5, 4, 3, 2]8
[8, 9, 6, 7, 5, 4, 3, 2]9
taken
taken
taken
taken
taken
taken
taken
taken
taken
[9, 8, 6, 7, 5, 4, 3, 2]1
Error - Something is wrong there is no such knowledge in the tuple space!
[9, 8, 6, 7, 5, 4, 3, 2]2
[9, 8, 6, 7, 5, 4, 3, 2]3
[9, 8, 6, 7, 5, 4, 3, 2]4
[9, 8, 6, 7, 5, 4, 3, 2]5
[9, 8, 6, 7, 5, 4, 3, 2]6
[9, 8, 6, 7, 5, 4, 3, 2]7
[9, 8, 6, 7, 5, 4, 3, 2]8
[9, 8, 6, 7, 5, 4, 3, 2]9
[9, 8, 6, 7, 5, 4, 3, 2]1
Error - Something is wrong there is no such knowledge in the tuple space!
[9, 8, 6, 7, 5, 4, 3, 2]2
[9, 8, 6, 7, 5, 4, 3, 2]3
[9, 8, 6, 7, 5, 4, 3, 2]4
[9, 8, 6, 7, 5, 4, 3, 2]5
[9, 8, 6, 7, 5, 4, 3, 2]6
[9, 8, 6, 7, 5, 4, 3, 2]7
[9, 8, 6, 7, 5, 4, 3, 2]8
[9, 8, 6, 7, 5, 4, 3, 2]9
[9, 8, 6, 7, 5, 4, 3, 2]1
Error - Something is wrong there is no such knowledge in the tuple space!
[9, 8, 6, 7, 5, 4, 3, 2]2
[9, 8, 6, 7, 5, 4, 3, 2]3
[9, 8, 6, 7, 5, 4, 3, 2]4
[9, 8, 6, 7, 5, 4, 3, 2]5
[9, 8, 6, 7, 5, 4, 3, 2]6
[9, 8, 6, 7, 5, 4, 3, 2]7
[9, 8, 6, 7, 5, 4, 3, 2]8
[9, 8, 6, 7, 5, 4, 3, 2]9
taken
taken
taken
taken
taken
taken
taken
taken
taken
[6, 8, 9, 7, 5, 4, 3, 2]1
Error - Something is wrong there is no such knowledge in the tuple space!
[6, 8, 9, 7, 5, 4, 3, 2]2
[6, 8, 9, 7, 5, 4, 3, 2]3
[6, 8, 9, 7, 5, 4, 3, 2]4
[6, 8, 9, 7, 5, 4, 3, 2]5
[6, 8, 9, 7, 5, 4, 3, 2]6
[6, 8, 9, 7, 5, 4, 3, 2]7
[6, 8, 9, 7, 5, 4, 3, 2]8
[6, 8, 9, 7, 5, 4, 3, 2]9
[6, 8, 9, 7, 5, 4, 3, 2]1
Error - Something is wrong there is no such knowledge in the tuple space!
[6, 8, 9, 7, 5, 4, 3, 2]2
[6, 8, 9, 7, 5, 4, 3, 2]3
[6, 8, 9, 7, 5, 4, 3, 2]4
[6, 8, 9, 7, 5, 4, 3, 2]5
[6, 8, 9, 7, 5, 4, 3, 2]6
[6, 8, 9, 7, 5, 4, 3, 2]7
[6, 8, 9, 7, 5, 4, 3, 2]8
[6, 8, 9, 7, 5, 4, 3, 2]9
[6, 8, 9, 7, 5, 4, 3, 2]1
Error - Something is wrong there is no such knowledge in the tuple space!
[6, 8, 9, 7, 5, 4, 3, 2]2
[6, 8, 9, 7, 5, 4, 3, 2]3
[6, 8, 9, 7, 5, 4, 3, 2]4
[6, 8, 9, 7, 5, 4, 3, 2]5
[6, 8, 9, 7, 5, 4, 3, 2]6
[6, 8, 9, 7, 5, 4, 3, 2]7
[6, 8, 9, 7, 5, 4, 3, 2]8
[6, 8, 9, 7, 5, 4, 3, 2]9
taken
taken
taken
taken
taken
taken
taken
taken
taken
[9, 8, 6, 7, 4, 5, 3, 2]1
Error - Something is wrong there is no such knowledge in the tuple space!
[9, 8, 6, 7, 4, 5, 3, 2]2
[9, 8, 6, 7, 4, 5, 3, 2]3
[9, 8, 6, 7, 4, 5, 3, 2]4
[9, 8, 6, 7, 4, 5, 3, 2]5
[9, 8, 6, 7, 4, 5, 3, 2]6
[9, 8, 6, 7, 4, 5, 3, 2]7
[9, 8, 6, 7, 4, 5, 3, 2]8
[9, 8, 6, 7, 4, 5, 3, 2]9
[9, 8, 6, 7, 4, 5, 3, 2]1
Error - Something is wrong there is no such knowledge in the tuple space!
[9, 8, 6, 7, 4, 5, 3, 2]2
[9, 8, 6, 7, 4, 5, 3, 2]3
[9, 8, 6, 7, 4, 5, 3, 2]4
[9, 8, 6, 7, 4, 5, 3, 2]5
[9, 8, 6, 7, 4, 5, 3, 2]6
[9, 8, 6, 7, 4, 5, 3, 2]7
[9, 8, 6, 7, 4, 5, 3, 2]8
[9, 8, 6, 7, 4, 5, 3, 2]9
[9, 8, 6, 7, 4, 5, 3, 2]1
Error - Something is wrong there is no such knowledge in the tuple space!
[9, 8, 6, 7, 4, 5, 3, 2]2
[9, 8, 6, 7, 4, 5, 3, 2]3
[9, 8, 6, 7, 4, 5, 3, 2]4
[9, 8, 6, 7, 4, 5, 3, 2]5
[9, 8, 6, 7, 4, 5, 3, 2]6
[9, 8, 6, 7, 4, 5, 3, 2]7
[9, 8, 6, 7, 4, 5, 3, 2]8
[9, 8, 6, 7, 4, 5, 3, 2]9
taken
taken
taken
taken
taken
taken
taken
taken
taken
[7, 6, 8, 9, 5, 4, 3, 2]1
Error - Something is wrong there is no such knowledge in the tuple space!
[7, 6, 8, 9, 5, 4, 3, 2]2
[7, 6, 8, 9, 5, 4, 3, 2]3
[7, 6, 8, 9, 5, 4, 3, 2]4
[7, 6, 8, 9, 5, 4, 3, 2]5
[7, 6, 8, 9, 5, 4, 3, 2]6
[7, 6, 8, 9, 5, 4, 3, 2]7
[7, 6, 8, 9, 5, 4, 3, 2]8
[7, 6, 8, 9, 5, 4, 3, 2]9
[7, 6, 8, 9, 5, 4, 3, 2]1
Error - Something is wrong there is no such knowledge in the tuple space!
[7, 6, 8, 9, 5, 4, 3, 2]2
[7, 6, 8, 9, 5, 4, 3, 2]3
[7, 6, 8, 9, 5, 4, 3, 2]4
[7, 6, 8, 9, 5, 4, 3, 2]5
[7, 6, 8, 9, 5, 4, 3, 2]6
[7, 6, 8, 9, 5, 4, 3, 2]7
[7, 6, 8, 9, 5, 4, 3, 2]8
[7, 6, 8, 9, 5, 4, 3, 2]9
[7, 6, 8, 9, 5, 4, 3, 2]1
Error - Something is wrong there is no such knowledge in the tuple space!
[7, 6, 8, 9, 5, 4, 3, 2]2
[7, 6, 8, 9, 5, 4, 3, 2]3
[7, 6, 8, 9, 5, 4, 3, 2]4
[7, 6, 8, 9, 5, 4, 3, 2]5
[7, 6, 8, 9, 5, 4, 3, 2]6
[7, 6, 8, 9, 5, 4, 3, 2]7
[7, 6, 8, 9, 5, 4, 3, 2]8
[7, 6, 8, 9, 5, 4, 3, 2]9
taken
taken
taken
taken
taken
taken
taken
taken
taken
[9, 8, 6, 7, 3, 4, 5, 2]1
Error - Something is wrong there is no such knowledge in the tuple space!
[9, 8, 6, 7, 3, 4, 5, 2]2
[9, 8, 6, 7, 3, 4, 5, 2]3
[9, 8, 6, 7, 3, 4, 5, 2]4
[9, 8, 6, 7, 3, 4, 5, 2]5
[9, 8, 6, 7, 3, 4, 5, 2]6
[9, 8, 6, 7, 3, 4, 5, 2]7
[9, 8, 6, 7, 3, 4, 5, 2]8
[9, 8, 6, 7, 3, 4, 5, 2]9
[9, 8, 6, 7, 3, 4, 5, 2]1
Error - Something is wrong there is no such knowledge in the tuple space!
[9, 8, 6, 7, 3, 4, 5, 2]2
[9, 8, 6, 7, 3, 4, 5, 2]3
[9, 8, 6, 7, 3, 4, 5, 2]4
[9, 8, 6, 7, 3, 4, 5, 2]5
[9, 8, 6, 7, 3, 4, 5, 2]6
[9, 8, 6, 7, 3, 4, 5, 2]7
[9, 8, 6, 7, 3, 4, 5, 2]8
[9, 8, 6, 7, 3, 4, 5, 2]9
[9, 8, 6, 7, 3, 4, 5, 2]1
Error - Something is wrong there is no such knowledge in the tuple space!
[9, 8, 6, 7, 3, 4, 5, 2]2
[9, 8, 6, 7, 3, 4, 5, 2]3
[9, 8, 6, 7, 3, 4, 5, 2]4
[9, 8, 6, 7, 3, 4, 5, 2]5
[9, 8, 6, 7, 3, 4, 5, 2]6
[9, 8, 6, 7, 3, 4, 5, 2]7
[9, 8, 6, 7, 3, 4, 5, 2]8
[9, 8, 6, 7, 3, 4, 5, 2]9
taken
taken
taken
taken
taken
taken
taken
taken
taken
[7, 6, 8, 9, 5, 4, 3, 2]1
Error - Something is wrong there is no such knowledge in the tuple space!
[7, 6, 8, 9, 5, 4, 3, 2]2
[7, 6, 8, 9, 5, 4, 3, 2]3
[7, 6, 8, 9, 5, 4, 3, 2]4
[7, 6, 8, 9, 5, 4, 3, 2]5
[7, 6, 8, 9, 5, 4, 3, 2]6
[7, 6, 8, 9, 5, 4, 3, 2]7
[7, 6, 8, 9, 5, 4, 3, 2]8
[7, 6, 8, 9, 5, 4, 3, 2]9
[7, 6, 8, 9, 5, 4, 3, 2]1
Error - Something is wrong there is no such knowledge in the tuple space!
[7, 6, 8, 9, 5, 4, 3, 2]2
[7, 6, 8, 9, 5, 4, 3, 2]3
[7, 6, 8, 9, 5, 4, 3, 2]4
[7, 6, 8, 9, 5, 4, 3, 2]5
[7, 6, 8, 9, 5, 4, 3, 2]6
[7, 6, 8, 9, 5, 4, 3, 2]7
[7, 6, 8, 9, 5, 4, 3, 2]8
[7, 6, 8, 9, 5, 4, 3, 2]9
[7, 6, 8, 9, 5, 4, 3, 2]1
Error - Something is wrong there is no such knowledge in the tuple space!
[7, 6, 8, 9, 5, 4, 3, 2]2
[7, 6, 8, 9, 5, 4, 3, 2]3
[7, 6, 8, 9, 5, 4, 3, 2]4
[7, 6, 8, 9, 5, 4, 3, 2]5
[7, 6, 8, 9, 5, 4, 3, 2]6
[7, 6, 8, 9, 5, 4, 3, 2]7
[7, 6, 8, 9, 5, 4, 3, 2]8
[7, 6, 8, 9, 5, 4, 3, 2]9
taken
taken
taken
taken
taken
taken
taken
taken
taken
[9, 8, 6, 7, 2, 3, 4, 5]1
Error - Something is wrong there is no such knowledge in the tuple space!
[9, 8, 6, 7, 2, 3, 4, 5]2
[9, 8, 6, 7, 2, 3, 4, 5]3
[9, 8, 6, 7, 2, 3, 4, 5]4
[9, 8, 6, 7, 2, 3, 4, 5]5
[9, 8, 6, 7, 2, 3, 4, 5]6
[9, 8, 6, 7, 2, 3, 4, 5]7
[9, 8, 6, 7, 2, 3, 4, 5]8
[9, 8, 6, 7, 2, 3, 4, 5]9
[9, 8, 6, 7, 2, 3, 4, 5]1
Error - Something is wrong there is no such knowledge in the tuple space!
[9, 8, 6, 7, 2, 3, 4, 5]2
[9, 8, 6, 7, 2, 3, 4, 5]3
[9, 8, 6, 7, 2, 3, 4, 5]4
[9, 8, 6, 7, 2, 3, 4, 5]5
[9, 8, 6, 7, 2, 3, 4, 5]6
[9, 8, 6, 7, 2, 3, 4, 5]7
[9, 8, 6, 7, 2, 3, 4, 5]8
[9, 8, 6, 7, 2, 3, 4, 5]9
[9, 8, 6, 7, 2, 3, 4, 5]1
Error - Something is wrong there is no such knowledge in the tuple space!
[9, 8, 6, 7, 2, 3, 4, 5]2
[9, 8, 6, 7, 2, 3, 4, 5]3
[9, 8, 6, 7, 2, 3, 4, 5]4
[9, 8, 6, 7, 2, 3, 4, 5]5
[9, 8, 6, 7, 2, 3, 4, 5]6
[9, 8, 6, 7, 2, 3, 4, 5]7
[9, 8, 6, 7, 2, 3, 4, 5]8
[9, 8, 6, 7, 2, 3, 4, 5]9
taken
taken
taken
taken
taken
taken
taken
taken
taken
[7, 6, 8, 9, 5, 4, 3, 2]1
Error - Something is wrong there is no such knowledge in the tuple space!
[7, 6, 8, 9, 5, 4, 3, 2]2
[7, 6, 8, 9, 5, 4, 3, 2]3
[7, 6, 8, 9, 5, 4, 3, 2]4
[7, 6, 8, 9, 5, 4, 3, 2]5
[7, 6, 8, 9, 5, 4, 3, 2]6
[7, 6, 8, 9, 5, 4, 3, 2]7
[7, 6, 8, 9, 5, 4, 3, 2]8
[7, 6, 8, 9, 5, 4, 3, 2]9
[7, 6, 8, 9, 5, 4, 3, 2]1
Error - Something is wrong there is no such knowledge in the tuple space!
[7, 6, 8, 9, 5, 4, 3, 2]2
[7, 6, 8, 9, 5, 4, 3, 2]3
[7, 6, 8, 9, 5, 4, 3, 2]4
[7, 6, 8, 9, 5, 4, 3, 2]5
[7, 6, 8, 9, 5, 4, 3, 2]6
[7, 6, 8, 9, 5, 4, 3, 2]7
[7, 6, 8, 9, 5, 4, 3, 2]8
[7, 6, 8, 9, 5, 4, 3, 2]9
[7, 6, 8, 9, 5, 4, 3, 2]1
Error - Something is wrong there is no such knowledge in the tuple space!
[7, 6, 8, 9, 5, 4, 3, 2]2
[7, 6, 8, 9, 5, 4, 3, 2]3
[7, 6, 8, 9, 5, 4, 3, 2]4
[7, 6, 8, 9, 5, 4, 3, 2]5
[7, 6, 8, 9, 5, 4, 3, 2]6
[7, 6, 8, 9, 5, 4, 3, 2]7
[7, 6, 8, 9, 5, 4, 3, 2]8
[7, 6, 8, 9, 5, 4, 3, 2]9
taken
taken
taken
taken
taken
taken
taken
taken
taken
[9, 8, 6, 7, 2, 3, 4, 5]1
Error - Something is wrong there is no such knowledge in the tuple space!
[9, 8, 6, 7, 2, 3, 4, 5]2
[9, 8, 6, 7, 2, 3, 4, 5]3
[9, 8, 6, 7, 2, 3, 4, 5]4
[9, 8, 6, 7, 2, 3, 4, 5]5
[9, 8, 6, 7, 2, 3, 4, 5]6
[9, 8, 6, 7, 2, 3, 4, 5]7
[9, 8, 6, 7, 2, 3, 4, 5]8
[9, 8, 6, 7, 2, 3, 4, 5]9
