[]1
Error - Something is wrong there is no such knowledge in the tuple space!
[]2
Error - Something is wrong there is no such knowledge in the tuple space!
[]3
Error - Something is wrong there is no such knowledge in the tuple space!
[]4
Error - Something is wrong there is no such knowledge in the tuple space!
[]5
Error - Something is wrong there is no such knowledge in the tuple space!
[]6
Error - Something is wrong there is no such knowledge in the tuple space!
taken
taken
taken
taken
taken
taken
[6, 4, 5, 3, 2]1
Error - Something is wrong there is no such knowledge in the tuple space!
[6, 4, 5, 3, 2]2
[6, 4, 5, 3, 2]3
[6, 4, 5, 3, 2]4
[6, 4, 5, 3, 2]5
[6, 4, 5, 3, 2]6
[6, 4, 5, 3, 2]1
Error - Something is wrong there is no such knowledge in the tuple space!
[6, 4, 5, 3, 2]2
[6, 4, 5, 3, 2]3
[6, 4, 5, 3, 2]4
[6, 4, 5, 3, 2]5
[6, 4, 5, 3, 2]6
[6, 4, 5, 3, 2]1
Error - Something is wrong there is no such knowledge in the tuple space!
[6, 4, 5, 3, 2]2
[6, 4, 5, 3, 2]3
[6, 4, 5, 3, 2]4
[6, 4, 5, 3, 2]5
[6, 4, 5, 3, 2]6
taken
taken
taken
taken
taken
taken
[6, 4, 5, 3, 2]1
Error - Something is wrong there is no such knowledge in the tuple space!
[6, 4, 5, 3, 2]2
[6, 4, 5, 3, 2]3
[6, 4, 5, 3, 2]4
[6, 4, 5, 3, 2]5
[6, 4, 5, 3, 2]6
[6, 4, 5, 3, 2]1
Error - Something is wrong there is no such knowledge in the tuple space!
[6, 4, 5, 3, 2]2
[6, 4, 5, 3, 2]3
[6, 4, 5, 3, 2]4
[6, 4, 5, 3, 2]5
[6, 4, 5, 3, 2]6
[6, 4, 5, 3, 2]1
Error - Something is wrong there is no such knowledge in the tuple space!
[6, 4, 5, 3, 2]2
[6, 4, 5, 3, 2]3
[6, 4, 5, 3, 2]4
[6, 4, 5, 3, 2]5
[6, 4, 5, 3, 2]6
taken
taken
taken
taken
taken
taken
[6, 4, 5, 3, 2]1
Error - Something is wrong there is no such knowledge in the tuple space!
[6, 4, 5, 3, 2]2
[6, 4, 5, 3, 2]3
[6, 4, 5, 3, 2]4
[6, 4, 5, 3, 2]5
[6, 4, 5, 3, 2]6
taken
[2]1
taken
Error - Something is wrong there is no such knowledge in the tuple space!
[2]2
[2]3
Error - Something is wrong there is no such knowledge in the tuple space!
[2]4
Error - Something is wrong there is no such knowledge in the tuple space!
[2]5
Error - Something is wrong there is no such knowledge in the tuple space!
[2]6
Error - Something is wrong there is no such knowledge in the tuple space!
taken
taken
taken
taken
[2, 3, 5, 4, 6]1
Error - Something is wrong there is no such knowledge in the tuple space!
[2, 3, 5, 4, 6]2
[2, 3, 5, 4, 6]3
[2, 3, 5, 4, 6]4
[2, 3, 5, 4, 6]5
[2, 3, 5, 4, 6]6
[2, 3, 5, 4, 6]1
Error - Something is wrong there is no such knowledge in the tuple space!
[2, 3, 5, 4, 6]2
[2, 3, 5, 4, 6]3
[2, 3, 5, 4, 6]4
[2, 3, 5, 4, 6]5
[2, 3, 5, 4, 6]6
taken
taken
[3, 5, 4, 2, 6]1
Error - Something is wrong there is no such knowledge in the tuple space!
[3, 5, 4, 2, 6]2
[3, 5, 4, 2, 6]3
[3, 5, 4, 2, 6]4
[3, 5, 4, 2, 6]5
[3, 5, 4, 2, 6]6
taken
taken
taken
taken
[2, 3, 5, 4, 6]1
Error - Something is wrong there is no such knowledge in the tuple space!
[2, 3, 5, 4, 6]2
[2, 3, 5, 4, 6]3
[2, 3, 5, 4, 6]4
[2, 3, 5, 4, 6]5
[2, 3, 5, 4, 6]6
[2, 3, 5, 4, 6]1
Error - Something is wrong there is no such knowledge in the tuple space!
[2, 3, 5, 4, 6]2
[2, 3, 5, 4, 6]3
[2, 3, 5, 4, 6]4
[2, 3, 5, 4, 6]5
[2, 3, 5, 4, 6]6
[]1
taken
Error - Something is wrong there is no such knowledge in the tuple space!
[]2
Error - Something is wrong there is no such knowledge in the tuple space!
[]3
Error - Something is wrong there is no such knowledge in the tuple space!
[]4
Error - Something is wrong there is no such knowledge in the tuple space!
[]5
Error - Something is wrong there is no such knowledge in the tuple space!
taken
taken
taken
taken
taken
taken
taken
taken
taken
[]1
Error - Something is wrong there is no such knowledge in the tuple space!
[]2
Error - Something is wrong there is no such knowledge in the tuple space!
[]3
Error - Something is wrong there is no such knowledge in the tuple space!
[]4
Error - Something is wrong there is no such knowledge in the tuple space!
[]5
Error - Something is wrong there is no such knowledge in the tuple space!
taken
taken
taken
taken
taken
taken
taken
taken
taken
taken
taken
taken
taken
taken
taken
taken
taken
taken
taken
taken
[]1
Error - Something is wrong there is no such knowledge in the tuple space!
[]2
Error - Something is wrong there is no such knowledge in the tuple space!
[]3
Error - Something is wrong there is no such knowledge in the tuple space!
[]4
Error - Something is wrong there is no such knowledge in the tuple space!
[]5
Error - Something is wrong there is no such knowledge in the tuple space!
taken
taken
taken
taken
taken
taken
taken
taken
taken
taken
[]1
Error - Something is wrong there is no such knowledge in the tuple space!
[]2
Error - Something is wrong there is no such knowledge in the tuple space!
[]3
Error - Something is wrong there is no such knowledge in the tuple space!
[]4
Error - Something is wrong there is no such knowledge in the tuple space!
[]5
Error - Something is wrong there is no such knowledge in the tuple space!
[]6
Error - Something is wrong there is no such knowledge in the tuple space!
[]7
Error - Something is wrong there is no such knowledge in the tuple space!
[]8
Error - Something is wrong there is no such knowledge in the tuple space!
[]9
Error - Something is wrong there is no such knowledge in the tuple space!
taken
taken
taken
taken
taken
taken
taken
taken
taken
[4, 5, 3, 2, 8, 9, 6, 7]1
Error - Something is wrong there is no such knowledge in the tuple space!
[4, 5, 3, 2, 8, 9, 6, 7]2
[4, 5, 3, 2, 8, 9, 6, 7]3
[4, 5, 3, 2, 8, 9, 6, 7]4
[4, 5, 3, 2, 8, 9, 6, 7]5
[4, 5, 3, 2, 8, 9, 6, 7]6
[4, 5, 3, 2, 8, 9, 6, 7]7
[4, 5, 3, 2, 8, 9, 6, 7]8
[4, 5, 3, 2, 8, 9, 6, 7]9
[4, 5, 3, 2, 8, 9, 6, 7]1
Error - Something is wrong there is no such knowledge in the tuple space!
[4, 5, 3, 2, 8, 9, 6, 7]2
[4, 5, 3, 2, 8, 9, 6, 7]3
[4, 5, 3, 2, 8, 9, 6, 7]4
[4, 5, 3, 2, 8, 9, 6, 7]5
[4, 5, 3, 2, 8, 9, 6, 7]6
[4, 5, 3, 2, 8, 9, 6, 7]7
[4, 5, 3, 2, 8, 9, 6, 7]8
[4, 5, 3, 2, 8, 9, 6, 7]9
taken
[4, 5, 3, 2, 8, 9, 6, 7]1
Error - Something is wrong there is no such knowledge in the tuple space!
[4, 5, 3, 2, 8, 9, 6, 7]2
[4, 5, 3, 2, 8, 9, 6, 7]3
[4, 5, 3, 2, 8, 9, 6, 7]4
[4, 5, 3, 2, 8, 9, 6, 7]5
[4, 5, 3, 2, 8, 9, 6, 7]6
[4, 5, 3, 2, 8, 9, 6, 7]7
[4, 5, 3, 2, 8, 9, 6, 7]8
[4, 5, 3, 2, 8, 9, 6, 7]9
taken
taken
taken
taken
taken
taken
taken
taken
[4, 5, 3, 2, 8, 9, 6, 7]1
Error - Something is wrong there is no such knowledge in the tuple space!
[4, 5, 3, 2, 8, 9, 6, 7]2
[4, 5, 3, 2, 8, 9, 6, 7]3
[4, 5, 3, 2, 8, 9, 6, 7]4
[4, 5, 3, 2, 8, 9, 6, 7]5
[4, 5, 3, 2, 8, 9, 6, 7]6
[4, 5, 3, 2, 8, 9, 6, 7]7
[4, 5, 3, 2, 8, 9, 6, 7]8
[4, 5, 3, 2, 8, 9, 6, 7]9
[4, 5, 3, 2, 8, 9, 6, 7]1
Error - Something is wrong there is no such knowledge in the tuple space!
[4, 5, 3, 2, 8, 9, 6, 7]2
[4, 5, 3, 2, 8, 9, 6, 7]3
[4, 5, 3, 2, 8, 9, 6, 7]4
[4, 5, 3, 2, 8, 9, 6, 7]5
[4, 5, 3, 2, 8, 9, 6, 7]6
[4, 5, 3, 2, 8, 9, 6, 7]7
[4, 5, 3, 2, 8, 9, 6, 7]8
[4, 5, 3, 2, 8, 9, 6, 7]9
taken
[5, 3, 2, 4, 8, 9, 6, 7]1
Error - Something is wrong there is no such knowledge in the tuple space!
[5, 3, 2, 4, 8, 9, 6, 7]2
[5, 3, 2, 4, 8, 9, 6, 7]3
[5, 3, 2, 4, 8, 9, 6, 7]4
[5, 3, 2, 4, 8, 9, 6, 7]5
[5, 3, 2, 4, 8, 9, 6, 7]6
[5, 3, 2, 4, 8, 9, 6, 7]7
[5, 3, 2, 4, 8, 9, 6, 7]8
[5, 3, 2, 4, 8, 9, 6, 7]9
taken
taken
taken
taken
taken
taken
taken
taken
[4, 5, 3, 2, 8, 9, 6, 7]1
Error - Something is wrong there is no such knowledge in the tuple space!
[4, 5, 3, 2, 8, 9, 6, 7]2
[4, 5, 3, 2, 8, 9, 6, 7]3
[4, 5, 3, 2, 8, 9, 6, 7]4
[4, 5, 3, 2, 8, 9, 6, 7]5
[4, 5, 3, 2, 8, 9, 6, 7]6
[4, 5, 3, 2, 8, 9, 6, 7]7
[4, 5, 3, 2, 8, 9, 6, 7]8
[4, 5, 3, 2, 8, 9, 6, 7]9
[4, 5, 3, 2, 8, 9, 6, 7]1
Error - Something is wrong there is no such knowledge in the tuple space!
[4, 5, 3, 2, 8, 9, 6, 7]2
[4, 5, 3, 2, 8, 9, 6, 7]3
[4, 5, 3, 2, 8, 9, 6, 7]4
[4, 5, 3, 2, 8, 9, 6, 7]5
[4, 5, 3, 2, 8, 9, 6, 7]6
[4, 5, 3, 2, 8, 9, 6, 7]7
[4, 5, 3, 2, 8, 9, 6, 7]8
[4, 5, 3, 2, 8, 9, 6, 7]9
taken
taken
[5, 3, 2, 4, 9, 6, 7, 8]1
Error - Something is wrong there is no such knowledge in the tuple space!
[5, 3, 2, 4, 9, 6, 7, 8]2
[5, 3, 2, 4, 9, 6, 7, 8]3
[5, 3, 2, 4, 9, 6, 7, 8]4
[5, 3, 2, 4, 9, 6, 7, 8]5
[5, 3, 2, 4, 9, 6, 7, 8]6
[5, 3, 2, 4, 9, 6, 7, 8]7
[5, 3, 2, 4, 9, 6, 7, 8]8
[5, 3, 2, 4, 9, 6, 7, 8]9
taken
taken
taken
taken
taken
taken
taken
[]1
Error - Something is wrong there is no such knowledge in the tuple space!
[]2
Error - Something is wrong there is no such knowledge in the tuple space!
[]3
Error - Something is wrong there is no such knowledge in the tuple space!
[]4
Error - Something is wrong there is no such knowledge in the tuple space!
[]5
Error - Something is wrong there is no such knowledge in the tuple space!
[]6
Error - Something is wrong there is no such knowledge in the tuple space!
[]7
Error - Something is wrong there is no such knowledge in the tuple space!
[]8
Error - Something is wrong there is no such knowledge in the tuple space!
[]9
Error - Something is wrong there is no such knowledge in the tuple space!
taken
taken
taken
taken
taken
taken
taken
taken
taken
[7, 6, 9, 8, 5, 3, 2, 4]1
Error - Something is wrong there is no such knowledge in the tuple space!
[7, 6, 9, 8, 5, 3, 2, 4]2
[7, 6, 9, 8, 5, 3, 2, 4]3
[7, 6, 9, 8, 5, 3, 2, 4]4
[7, 6, 9, 8, 5, 3, 2, 4]5
[7, 6, 9, 8, 5, 3, 2, 4]6
[7, 6, 9, 8, 5, 3, 2, 4]7
[7, 6, 9, 8, 5, 3, 2, 4]8
[7, 6, 9, 8, 5, 3, 2, 4]9
[7, 6, 9, 8, 5, 3, 2, 4]1
Error - Something is wrong there is no such knowledge in the tuple space!
[7, 6, 9, 8, 5, 3, 2, 4]2
[7, 6, 9, 8, 5, 3, 2, 4]3
[7, 6, 9, 8, 5, 3, 2, 4]4
[7, 6, 9, 8, 5, 3, 2, 4]5
[7, 6, 9, 8, 5, 3, 2, 4]6
[7, 6, 9, 8, 5, 3, 2, 4]7
[7, 6, 9, 8, 5, 3, 2, 4]8
[7, 6, 9, 8, 5, 3, 2, 4]9
[7, 6, 9, 8, 5, 3, 2, 4]1
Error - Something is wrong there is no such knowledge in the tuple space!
[7, 6, 9, 8, 5, 3, 2, 4]2
[7, 6, 9, 8, 5, 3, 2, 4]3
[7, 6, 9, 8, 5, 3, 2, 4]4
[7, 6, 9, 8, 5, 3, 2, 4]5
[7, 6, 9, 8, 5, 3, 2, 4]6
[7, 6, 9, 8, 5, 3, 2, 4]7
[7, 6, 9, 8, 5, 3, 2, 4]8
[7, 6, 9, 8, 5, 3, 2, 4]9
taken
taken
taken
taken
taken
taken
taken
taken
taken
[7, 6, 9, 8, 5, 3, 2, 4]1
Error - Something is wrong there is no such knowledge in the tuple space!
[7, 6, 9, 8, 5, 3, 2, 4]2
[7, 6, 9, 8, 5, 3, 2, 4]3
[7, 6, 9, 8, 5, 3, 2, 4]4
[7, 6, 9, 8, 5, 3, 2, 4]5
[7, 6, 9, 8, 5, 3, 2, 4]6
[7, 6, 9, 8, 5, 3, 2, 4]7
[7, 6, 9, 8, 5, 3, 2, 4]8
[7, 6, 9, 8, 5, 3, 2, 4]9
[7, 6, 9, 8, 5, 3, 2, 4]1
Error - Something is wrong there is no such knowledge in the tuple space!
[7, 6, 9, 8, 5, 3, 2, 4]2
[7, 6, 9, 8, 5, 3, 2, 4]3
[7, 6, 9, 8, 5, 3, 2, 4]4
[7, 6, 9, 8, 5, 3, 2, 4]5
[7, 6, 9, 8, 5, 3, 2, 4]6
[7, 6, 9, 8, 5, 3, 2, 4]7
[7, 6, 9, 8, 5, 3, 2, 4]8
[7, 6, 9, 8, 5, 3, 2, 4]9
[7, 6, 9, 8, 5, 3, 2, 4]1
Error - Something is wrong there is no such knowledge in the tuple space!
[7, 6, 9, 8, 5, 3, 2, 4]2
[7, 6, 9, 8, 5, 3, 2, 4]3
[7, 6, 9, 8, 5, 3, 2, 4]4
[7, 6, 9, 8, 5, 3, 2, 4]5
[7, 6, 9, 8, 5, 3, 2, 4]6
[7, 6, 9, 8, 5, 3, 2, 4]7
[7, 6, 9, 8, 5, 3, 2, 4]8
[7, 6, 9, 8, 5, 3, 2, 4]9
taken
taken
taken
taken
taken
taken
taken
taken
taken
[7, 6, 9, 8, 5, 3, 2, 4]1
Error - Something is wrong there is no such knowledge in the tuple space!
[7, 6, 9, 8, 5, 3, 2, 4]2
[7, 6, 9, 8, 5, 3, 2, 4]3
[7, 6, 9, 8, 5, 3, 2, 4]4
[7, 6, 9, 8, 5, 3, 2, 4]5
[7, 6, 9, 8, 5, 3, 2, 4]6
[7, 6, 9, 8, 5, 3, 2, 4]7
[7, 6, 9, 8, 5, 3, 2, 4]8
[7, 6, 9, 8, 5, 3, 2, 4]9
[7, 6, 9, 8, 5, 3, 2, 4]1
Error - Something is wrong there is no such knowledge in the tuple space!
[7, 6, 9, 8, 5, 3, 2, 4]2
[7, 6, 9, 8, 5, 3, 2, 4]3
[7, 6, 9, 8, 5, 3, 2, 4]4
[7, 6, 9, 8, 5, 3, 2, 4]5
[7, 6, 9, 8, 5, 3, 2, 4]6
[7, 6, 9, 8, 5, 3, 2, 4]7
[7, 6, 9, 8, 5, 3, 2, 4]8
[7, 6, 9, 8, 5, 3, 2, 4]9
[7, 6, 9, 8, 5, 3, 2, 4]1
Error - Something is wrong there is no such knowledge in the tuple space!
[7, 6, 9, 8, 5, 3, 2, 4]2
[7, 6, 9, 8, 5, 3, 2, 4]3
[7, 6, 9, 8, 5, 3, 2, 4]4
[7, 6, 9, 8, 5, 3, 2, 4]5
[7, 6, 9, 8, 5, 3, 2, 4]6
[7, 6, 9, 8, 5, 3, 2, 4]7
[7, 6, 9, 8, 5, 3, 2, 4]8
[7, 6, 9, 8, 5, 3, 2, 4]9
taken
taken
taken
taken
taken
taken
taken
taken
taken
[6, 7, 9, 8, 5, 3, 2, 4]1
Error - Something is wrong there is no such knowledge in the tuple space!
[6, 7, 9, 8, 5, 3, 2, 4]2
[6, 7, 9, 8, 5, 3, 2, 4]3
[6, 7, 9, 8, 5, 3, 2, 4]4
[6, 7, 9, 8, 5, 3, 2, 4]5
[6, 7, 9, 8, 5, 3, 2, 4]6
[6, 7, 9, 8, 5, 3, 2, 4]7
[6, 7, 9, 8, 5, 3, 2, 4]8
[6, 7, 9, 8, 5, 3, 2, 4]9
[6, 7, 9, 8, 5, 3, 2, 4]1
Error - Something is wrong there is no such knowledge in the tuple space!
[6, 7, 9, 8, 5, 3, 2, 4]2
[6, 7, 9, 8, 5, 3, 2, 4]3
[6, 7, 9, 8, 5, 3, 2, 4]4
[6, 7, 9, 8, 5, 3, 2, 4]5
[6, 7, 9, 8, 5, 3, 2, 4]6
[6, 7, 9, 8, 5, 3, 2, 4]7
[6, 7, 9, 8, 5, 3, 2, 4]8
[6, 7, 9, 8, 5, 3, 2, 4]9
[6, 7, 9, 8, 5, 3, 2, 4]1
Error - Something is wrong there is no such knowledge in the tuple space!
[6, 7, 9, 8, 5, 3, 2, 4]2
[6, 7, 9, 8, 5, 3, 2, 4]3
[6, 7, 9, 8, 5, 3, 2, 4]4
[6, 7, 9, 8, 5, 3, 2, 4]5
[6, 7, 9, 8, 5, 3, 2, 4]6
[6, 7, 9, 8, 5, 3, 2, 4]7
[6, 7, 9, 8, 5, 3, 2, 4]8
[6, 7, 9, 8, 5, 3, 2, 4]9
taken
taken
taken
taken
taken
taken
taken
taken
taken
[7, 6, 9, 8, 5, 3, 2, 4]1
Error - Something is wrong there is no such knowledge in the tuple space!
[7, 6, 9, 8, 5, 3, 2, 4]2
[7, 6, 9, 8, 5, 3, 2, 4]3
[7, 6, 9, 8, 5, 3, 2, 4]4
[7, 6, 9, 8, 5, 3, 2, 4]5
[7, 6, 9, 8, 5, 3, 2, 4]6
[7, 6, 9, 8, 5, 3, 2, 4]7
[7, 6, 9, 8, 5, 3, 2, 4]8
[7, 6, 9, 8, 5, 3, 2, 4]9
[7, 6, 9, 8, 5, 3, 2, 4]1
Error - Something is wrong there is no such knowledge in the tuple space!
[7, 6, 9, 8, 5, 3, 2, 4]2
[7, 6, 9, 8, 5, 3, 2, 4]3
[7, 6, 9, 8, 5, 3, 2, 4]4
[7, 6, 9, 8, 5, 3, 2, 4]5
[7, 6, 9, 8, 5, 3, 2, 4]6
[7, 6, 9, 8, 5, 3, 2, 4]7
[7, 6, 9, 8, 5, 3, 2, 4]8
[7, 6, 9, 8, 5, 3, 2, 4]9
[7, 6, 9, 8, 5, 3, 2, 4]1
Error - Something is wrong there is no such knowledge in the tuple space!
[7, 6, 9, 8, 5, 3, 2, 4]2
[7, 6, 9, 8, 5, 3, 2, 4]3
[7, 6, 9, 8, 5, 3, 2, 4]4
[7, 6, 9, 8, 5, 3, 2, 4]5
[7, 6, 9, 8, 5, 3, 2, 4]6
[7, 6, 9, 8, 5, 3, 2, 4]7
[7, 6, 9, 8, 5, 3, 2, 4]8
[7, 6, 9, 8, 5, 3, 2, 4]9
taken
taken
taken
taken
taken
taken
taken
taken
taken
[6, 7, 9, 8, 3, 5, 2, 4]1
Error - Something is wrong there is no such knowledge in the tuple space!
[6, 7, 9, 8, 3, 5, 2, 4]2
[6, 7, 9, 8, 3, 5, 2, 4]3
[6, 7, 9, 8, 3, 5, 2, 4]4
[6, 7, 9, 8, 3, 5, 2, 4]5
[6, 7, 9, 8, 3, 5, 2, 4]6
[6, 7, 9, 8, 3, 5, 2, 4]7
[6, 7, 9, 8, 3, 5, 2, 4]8
[6, 7, 9, 8, 3, 5, 2, 4]9
[6, 7, 9, 8, 3, 5, 2, 4]1
Error - Something is wrong there is no such knowledge in the tuple space!
[6, 7, 9, 8, 3, 5, 2, 4]2
[6, 7, 9, 8, 3, 5, 2, 4]3
[6, 7, 9, 8, 3, 5, 2, 4]4
[6, 7, 9, 8, 3, 5, 2, 4]5
[6, 7, 9, 8, 3, 5, 2, 4]6
[6, 7, 9, 8, 3, 5, 2, 4]7
[6, 7, 9, 8, 3, 5, 2, 4]8
[6, 7, 9, 8, 3, 5, 2, 4]9
[6, 7, 9, 8, 3, 5, 2, 4]1
Error - Something is wrong there is no such knowledge in the tuple space!
[6, 7, 9, 8, 3, 5, 2, 4]2
[6, 7, 9, 8, 3, 5, 2, 4]3
[6, 7, 9, 8, 3, 5, 2, 4]4
[6, 7, 9, 8, 3, 5, 2, 4]5
[6, 7, 9, 8, 3, 5, 2, 4]6
[6, 7, 9, 8, 3, 5, 2, 4]7
[6, 7, 9, 8, 3, 5, 2, 4]8
[6, 7, 9, 8, 3, 5, 2, 4]9
taken
taken
taken
taken
taken
taken
taken
taken
taken
[9, 7, 6, 8, 5, 3, 2, 4]1
Error - Something is wrong there is no such knowledge in the tuple space!
[9, 7, 6, 8, 5, 3, 2, 4]2
[9, 7, 6, 8, 5, 3, 2, 4]3
[9, 7, 6, 8, 5, 3, 2, 4]4
[9, 7, 6, 8, 5, 3, 2, 4]5
[9, 7, 6, 8, 5, 3, 2, 4]6
[9, 7, 6, 8, 5, 3, 2, 4]7
[9, 7, 6, 8, 5, 3, 2, 4]8
[9, 7, 6, 8, 5, 3, 2, 4]9
[9, 7, 6, 8, 5, 3, 2, 4]1
Error - Something is wrong there is no such knowledge in the tuple space!
[9, 7, 6, 8, 5, 3, 2, 4]2
[9, 7, 6, 8, 5, 3, 2, 4]3
[9, 7, 6, 8, 5, 3, 2, 4]4
[9, 7, 6, 8, 5, 3, 2, 4]5
[9, 7, 6, 8, 5, 3, 2, 4]6
[9, 7, 6, 8, 5, 3, 2, 4]7
[9, 7, 6, 8, 5, 3, 2, 4]8
[9, 7, 6, 8, 5, 3, 2, 4]9
[9, 7, 6, 8, 5, 3, 2, 4]1
Error - Something is wrong there is no such knowledge in the tuple space!
[9, 7, 6, 8, 5, 3, 2, 4]2
[9, 7, 6, 8, 5, 3, 2, 4]3
[9, 7, 6, 8, 5, 3, 2, 4]4
[9, 7, 6, 8, 5, 3, 2, 4]5
[9, 7, 6, 8, 5, 3, 2, 4]6
[9, 7, 6, 8, 5, 3, 2, 4]7
[9, 7, 6, 8, 5, 3, 2, 4]8
[9, 7, 6, 8, 5, 3, 2, 4]9
taken
taken
taken
taken
taken
taken
taken
taken
taken
[8, 6, 7, 9, 3, 5, 2, 4]1
Error - Something is wrong there is no such knowledge in the tuple space!
[8, 6, 7, 9, 3, 5, 2, 4]2
[8, 6, 7, 9, 3, 5, 2, 4]3
[8, 6, 7, 9, 3, 5, 2, 4]4
[8, 6, 7, 9, 3, 5, 2, 4]5
[8, 6, 7, 9, 3, 5, 2, 4]6
[8, 6, 7, 9, 3, 5, 2, 4]7
[8, 6, 7, 9, 3, 5, 2, 4]8
[8, 6, 7, 9, 3, 5, 2, 4]9
[8, 6, 7, 9, 3, 5, 2, 4]1
Error - Something is wrong there is no such knowledge in the tuple space!
[8, 6, 7, 9, 3, 5, 2, 4]2
[8, 6, 7, 9, 3, 5, 2, 4]3
[8, 6, 7, 9, 3, 5, 2, 4]4
[8, 6, 7, 9, 3, 5, 2, 4]5
[8, 6, 7, 9, 3, 5, 2, 4]6
[8, 6, 7, 9, 3, 5, 2, 4]7
[8, 6, 7, 9, 3, 5, 2, 4]8
[8, 6, 7, 9, 3, 5, 2, 4]9
[8, 6, 7, 9, 3, 5, 2, 4]1
Error - Something is wrong there is no such knowledge in the tuple space!
[8, 6, 7, 9, 3, 5, 2, 4]2
[8, 6, 7, 9, 3, 5, 2, 4]3
[8, 6, 7, 9, 3, 5, 2, 4]4
[8, 6, 7, 9, 3, 5, 2, 4]5
[8, 6, 7, 9, 3, 5, 2, 4]6
[8, 6, 7, 9, 3, 5, 2, 4]7
[8, 6, 7, 9, 3, 5, 2, 4]8
[8, 6, 7, 9, 3, 5, 2, 4]9
taken
taken
taken
taken
taken
taken
taken
taken
taken
[9, 8, 7, 6, 5, 3, 2, 4]1
Error - Something is wrong there is no such knowledge in the tuple space!
[9, 8, 7, 6, 5, 3, 2, 4]2
[9, 8, 7, 6, 5, 3, 2, 4]3
[9, 8, 7, 6, 5, 3, 2, 4]4
[9, 8, 7, 6, 5, 3, 2, 4]5
[9, 8, 7, 6, 5, 3, 2, 4]6
[9, 8, 7, 6, 5, 3, 2, 4]7
[9, 8, 7, 6, 5, 3, 2, 4]8
[9, 8, 7, 6, 5, 3, 2, 4]9
[9, 8, 7, 6, 5, 3, 2, 4]1
Error - Something is wrong there is no such knowledge in the tuple space!
[9, 8, 7, 6, 5, 3, 2, 4]2
[9, 8, 7, 6, 5, 3, 2, 4]3
[9, 8, 7, 6, 5, 3, 2, 4]4
[9, 8, 7, 6, 5, 3, 2, 4]5
[9, 8, 7, 6, 5, 3, 2, 4]6
[9, 8, 7, 6, 5, 3, 2, 4]7
[9, 8, 7, 6, 5, 3, 2, 4]8
[9, 8, 7, 6, 5, 3, 2, 4]9
[9, 8, 7, 6, 5, 3, 2, 4]1
Error - Something is wrong there is no such knowledge in the tuple space!
[9, 8, 7, 6, 5, 3, 2, 4]2
[9, 8, 7, 6, 5, 3, 2, 4]3
[9, 8, 7, 6, 5, 3, 2, 4]4
[9, 8, 7, 6, 5, 3, 2, 4]5
[9, 8, 7, 6, 5, 3, 2, 4]6
[9, 8, 7, 6, 5, 3, 2, 4]7
[9, 8, 7, 6, 5, 3, 2, 4]8
[9, 8, 7, 6, 5, 3, 2, 4]9
taken
taken
taken
taken
taken
taken
taken
taken
taken
[6, 7, 8, 9, 2, 3, 5, 4]1
Error - Something is wrong there is no such knowledge in the tuple space!
[6, 7, 8, 9, 2, 3, 5, 4]2
[6, 7, 8, 9, 2, 3, 5, 4]3
[6, 7, 8, 9, 2, 3, 5, 4]4
[6, 7, 8, 9, 2, 3, 5, 4]5
[6, 7, 8, 9, 2, 3, 5, 4]6
[6, 7, 8, 9, 2, 3, 5, 4]7
[6, 7, 8, 9, 2, 3, 5, 4]8
[6, 7, 8, 9, 2, 3, 5, 4]9
[6, 7, 8, 9, 2, 3, 5, 4]1
Error - Something is wrong there is no such knowledge in the tuple space!
[6, 7, 8, 9, 2, 3, 5, 4]2
[6, 7, 8, 9, 2, 3, 5, 4]3
[6, 7, 8, 9, 2, 3, 5, 4]4
[6, 7, 8, 9, 2, 3, 5, 4]5
[6, 7, 8, 9, 2, 3, 5, 4]6
[6, 7, 8, 9, 2, 3, 5, 4]7
[6, 7, 8, 9, 2, 3, 5, 4]8
[6, 7, 8, 9, 2, 3, 5, 4]9
[6, 7, 8, 9, 2, 3, 5, 4]1
Error - Something is wrong there is no such knowledge in the tuple space!
[6, 7, 8, 9, 2, 3, 5, 4]2
[6, 7, 8, 9, 2, 3, 5, 4]3
[6, 7, 8, 9, 2, 3, 5, 4]4
[6, 7, 8, 9, 2, 3, 5, 4]5
[6, 7, 8, 9, 2, 3, 5, 4]6
[6, 7, 8, 9, 2, 3, 5, 4]7
[6, 7, 8, 9, 2, 3, 5, 4]8
[6, 7, 8, 9, 2, 3, 5, 4]9
taken
taken
taken
taken
taken
taken
taken
taken
taken
[9, 8, 7, 6, 4, 5, 3, 2]1
Error - Something is wrong there is no such knowledge in the tuple space!
[9, 8, 7, 6, 4, 5, 3, 2]2
[9, 8, 7, 6, 4, 5, 3, 2]3
[9, 8, 7, 6, 4, 5, 3, 2]4
[9, 8, 7, 6, 4, 5, 3, 2]5
[9, 8, 7, 6, 4, 5, 3, 2]6
[9, 8, 7, 6, 4, 5, 3, 2]7
[9, 8, 7, 6, 4, 5, 3, 2]8
[9, 8, 7, 6, 4, 5, 3, 2]9
[9, 8, 7, 6, 4, 5, 3, 2]1
Error - Something is wrong there is no such knowledge in the tuple space!
[9, 8, 7, 6, 4, 5, 3, 2]2
[9, 8, 7, 6, 4, 5, 3, 2]3
[9, 8, 7, 6, 4, 5, 3, 2]4
[9, 8, 7, 6, 4, 5, 3, 2]5
[9, 8, 7, 6, 4, 5, 3, 2]6
[9, 8, 7, 6, 4, 5, 3, 2]7
[9, 8, 7, 6, 4, 5, 3, 2]8
[9, 8, 7, 6, 4, 5, 3, 2]9
taken
[9, 8, 7, 6, 4, 5, 3, 2]1
Error - Something is wrong there is no such knowledge in the tuple space!
[9, 8, 7, 6, 4, 5, 3, 2]2
[9, 8, 7, 6, 4, 5, 3, 2]3
[9, 8, 7, 6, 4, 5, 3, 2]4
[9, 8, 7, 6, 4, 5, 3, 2]5
[9, 8, 7, 6, 4, 5, 3, 2]6
[9, 8, 7, 6, 4, 5, 3, 2]7
[9, 8, 7, 6, 4, 5, 3, 2]8
[9, 8, 7, 6, 4, 5, 3, 2]9
taken
taken
taken
taken
taken
taken
taken
taken
[6, 7, 8, 9, 2, 3, 5, 4]1
Error - Something is wrong there is no such knowledge in the tuple space!
[6, 7, 8, 9, 2, 3, 5, 4]2
[6, 7, 8, 9, 2, 3, 5, 4]3
[6, 7, 8, 9, 2, 3, 5, 4]4
[6, 7, 8, 9, 2, 3, 5, 4]5
[6, 7, 8, 9, 2, 3, 5, 4]6
[6, 7, 8, 9, 2, 3, 5, 4]7
[6, 7, 8, 9, 2, 3, 5, 4]8
[6, 7, 8, 9, 2, 3, 5, 4]9
[6, 7, 8, 9, 2, 3, 5, 4]1
Error - Something is wrong there is no such knowledge in the tuple space!
[6, 7, 8, 9, 2, 3, 5, 4]2
[6, 7, 8, 9, 2, 3, 5, 4]3
[6, 7, 8, 9, 2, 3, 5, 4]4
[6, 7, 8, 9, 2, 3, 5, 4]5
[6, 7, 8, 9, 2, 3, 5, 4]6
[6, 7, 8, 9, 2, 3, 5, 4]7
[6, 7, 8, 9, 2, 3, 5, 4]8
[6, 7, 8, 9, 2, 3, 5, 4]9
taken
[6, 7, 8, 9, 2, 3, 5, 4]1
Error - Something is wrong there is no such knowledge in the tuple space!
[6, 7, 8, 9, 2, 3, 5, 4]2
[6, 7, 8, 9, 2, 3, 5, 4]3
[6, 7, 8, 9, 2, 3, 5, 4]4
[6, 7, 8, 9, 2, 3, 5, 4]5
[6, 7, 8, 9, 2, 3, 5, 4]6
[6, 7, 8, 9, 2, 3, 5, 4]7
[6, 7, 8, 9, 2, 3, 5, 4]8
[6, 7, 8, 9, 2, 3, 5, 4]9
taken
taken
taken
taken
taken
taken
taken
taken
[9, 8, 7, 6, 4, 5, 3, 2]1
Error - Something is wrong there is no such knowledge in the tuple space!
[9, 8, 7, 6, 4, 5, 3, 2]2
[9, 8, 7, 6, 4, 5, 3, 2]3
[9, 8, 7, 6, 4, 5, 3, 2]4
[9, 8, 7, 6, 4, 5, 3, 2]5
[9, 8, 7, 6, 4, 5, 3, 2]6
[9, 8, 7, 6, 4, 5, 3, 2]7
[9, 8, 7, 6, 4, 5, 3, 2]8
[9, 8, 7, 6, 4, 5, 3, 2]9
[9, 8, 7, 6, 4, 5, 3, 2]1
Error - Something is wrong there is no such knowledge in the tuple space!
[9, 8, 7, 6, 4, 5, 3, 2]2
[9, 8, 7, 6, 4, 5, 3, 2]3
[9, 8, 7, 6, 4, 5, 3, 2]4
[9, 8, 7, 6, 4, 5, 3, 2]5
[9, 8, 7, 6, 4, 5, 3, 2]6
[9, 8, 7, 6, 4, 5, 3, 2]7
[9, 8, 7, 6, 4, 5, 3, 2]8
[9, 8, 7, 6, 4, 5, 3, 2]9
taken
taken
taken
[9, 8, 7, 6, 4, 5, 3, 2]1
Error - Something is wrong there is no such knowledge in the tuple space!
[9, 8, 7, 6, 4, 5, 3, 2]2
[9, 8, 7, 6, 4, 5, 3, 2]3
[9, 8, 7, 6, 4, 5, 3, 2]4
[9, 8, 7, 6, 4, 5, 3, 2]5
[9, 8, 7, 6, 4, 5, 3, 2]6
[9, 8, 7, 6, 4, 5, 3, 2]7
[9, 8, 7, 6, 4, 5, 3, 2]8
[9, 8, 7, 6, 4, 5, 3, 2]9
taken
taken
taken
taken
taken
taken
[7, 6, 8, 9, 2, 3, 5, 4]1
Error - Something is wrong there is no such knowledge in the tuple space!
[7, 6, 8, 9, 2, 3, 5, 4]2
[7, 6, 8, 9, 2, 3, 5, 4]3
[7, 6, 8, 9, 2, 3, 5, 4]4
[7, 6, 8, 9, 2, 3, 5, 4]5
[7, 6, 8, 9, 2, 3, 5, 4]6
[7, 6, 8, 9, 2, 3, 5, 4]7
[7, 6, 8, 9, 2, 3, 5, 4]8
[7, 6, 8, 9, 2, 3, 5, 4]9
[7, 6, 8, 9, 2, 3, 5, 4]1
Error - Something is wrong there is no such knowledge in the tuple space!
[7, 6, 8, 9, 2, 3, 5, 4]2
[7, 6, 8, 9, 2, 3, 5, 4]3
[7, 6, 8, 9, 2, 3, 5, 4]4
[7, 6, 8, 9, 2, 3, 5, 4]5
[7, 6, 8, 9, 2, 3, 5, 4]6
[7, 6, 8, 9, 2, 3, 5, 4]7
[7, 6, 8, 9, 2, 3, 5, 4]8
[7, 6, 8, 9, 2, 3, 5, 4]9
taken
taken
taken
taken
taken
taken
taken
taken
taken
[7, 6, 9, 8, 2, 3, 4, 5]1
Error - Something is wrong there is no such knowledge in the tuple space!
[7, 6, 9, 8, 2, 3, 4, 5]2
[7, 6, 9, 8, 2, 3, 4, 5]3
[7, 6, 9, 8, 2, 3, 4, 5]4
[7, 6, 9, 8, 2, 3, 4, 5]5
[7, 6, 9, 8, 2, 3, 4, 5]6
[7, 6, 9, 8, 2, 3, 4, 5]7
[7, 6, 9, 8, 2, 3, 4, 5]8
[7, 6, 9, 8, 2, 3, 4, 5]9
[9, 8, 6, 7, 4, 5, 3, 2]1
Error - Something is wrong there is no such knowledge in the tuple space!
<<<<<<< HEAD
[9, 8, 6, 7, 4, 5, 3, 2]2
[9, 8, 6, 7, 4, 5, 3, 2]3
[9, 8, 6, 7, 4, 5, 3, 2]4
[9, 8, 6, 7, 4, 5, 3, 2]5
[9, 8, 6, 7, 4, 5, 3, 2]6
[9, 8, 6, 7, 4, 5, 3, 2]7
[9, 8, 6, 7, 4, 5, 3, 2]8
[9, 8, 6, 7, 4, 5, 3, 2]9
=======
[4, 3, 5, 2, 13, 12, 11, 10]2
[4, 3, 5, 2, 13, 12, 11, 10]3
[4, 3, 5, 2, 13, 12, 11, 10]4
[4, 3, 5, 2, 13, 12, 11, 10]5
[4, 3, 5, 2, 13, 12, 11, 10]10
[4, 3, 5, 2, 13, 12, 11, 10]11
[4, 3, 5, 2, 13, 12, 11, 10]12
[4, 3, 5, 2, 13, 12, 11, 10]13
[]1
Error - Something is wrong there is no such knowledge in the tuple space!
[]2
Error - Something is wrong there is no such knowledge in the tuple space!
[]3
Error - Something is wrong there is no such knowledge in the tuple space!
[]4
Error - Something is wrong there is no such knowledge in the tuple space!
[]5
Error - Something is wrong there is no such knowledge in the tuple space!
[]6
Error - Something is wrong there is no such knowledge in the tuple space!
taken
taken
taken
taken
taken
taken
[3, 5, 2, 4, 6]1
Error - Something is wrong there is no such knowledge in the tuple space!
[3, 5, 2, 4, 6]2
[3, 5, 2, 4, 6]3
[3, 5, 2, 4, 6]4
[3, 5, 2, 4, 6]5
[3, 5, 2, 4, 6]6
[3, 5, 2, 4, 6]1
Error - Something is wrong there is no such knowledge in the tuple space!
[3, 5, 2, 4, 6]2
[3, 5, 2, 4, 6]3
[3, 5, 2, 4, 6]4
[3, 5, 2, 4, 6]5
[3, 5, 2, 4, 6]6
[3, 5, 2, 4, 6]1
Error - Something is wrong there is no such knowledge in the tuple space!
[3, 5, 2, 4, 6]2
[3, 5, 2, 4, 6]3
[3, 5, 2, 4, 6]4
[3, 5, 2, 4, 6]5
[3, 5, 2, 4, 6]6
taken
taken
taken
taken
taken
taken
[3, 5, 2, 4, 6]1
Error - Something is wrong there is no such knowledge in the tuple space!
[3, 5, 2, 4, 6]2
[3, 5, 2, 4, 6]3
[3, 5, 2, 4, 6]4
[3, 5, 2, 4, 6]5
[3, 5, 2, 4, 6]6
[3, 5, 2, 4, 6]1
Error - Something is wrong there is no such knowledge in the tuple space!
[3, 5, 2, 4, 6]2
[3, 5, 2, 4, 6]3
[3, 5, 2, 4, 6]4
[3, 5, 2, 4, 6]5
[3, 5, 2, 4, 6]6
[3, 5, 2, 4, 6]1
Error - Something is wrong there is no such knowledge in the tuple space!
[3, 5, 2, 4, 6]2
[3, 5, 2, 4, 6]3
[3, 5, 2, 4, 6]4
[3, 5, 2, 4, 6]5
[3, 5, 2, 4, 6]6
taken
taken
taken
taken
taken
taken
[3, 5, 2, 4, 6]1
Error - Something is wrong there is no such knowledge in the tuple space!
[3, 5, 2, 4, 6]2
[3, 5, 2, 4, 6]3
[3, 5, 2, 4, 6]4
[3, 5, 2, 4, 6]5
[3, 5, 2, 4, 6]6
[3, 5, 2, 4, 6]1
Error - Something is wrong there is no such knowledge in the tuple space!
[3, 5, 2, 4, 6]2
[3, 5, 2, 4, 6]3
[3, 5, 2, 4, 6]4
[3, 5, 2, 4, 6]5
[3, 5, 2, 4, 6]6
[3, 5, 2, 4, 6]1
Error - Something is wrong there is no such knowledge in the tuple space!
[3, 5, 2, 4, 6]2
[3, 5, 2, 4, 6]3
[3, 5, 2, 4, 6]4
[3, 5, 2, 4, 6]5
[3, 5, 2, 4, 6]6
taken
taken
taken
taken
taken
taken
[3, 5, 2, 4, 6]1
Error - Something is wrong there is no such knowledge in the tuple space!
[3, 5, 2, 4, 6]2
[3, 5, 2, 4, 6]3
[3, 5, 2, 4, 6]4
[3, 5, 2, 4, 6]5
[3, 5, 2, 4, 6]6
[3, 5, 2, 4, 6]1
Error - Something is wrong there is no such knowledge in the tuple space!
[3, 5, 2, 4, 6]2
[3, 5, 2, 4, 6]3
[3, 5, 2, 4, 6]4
[3, 5, 2, 4, 6]5
[3, 5, 2, 4, 6]6
taken
[5, 2, 4, 3, 6]1
Error - Something is wrong there is no such knowledge in the tuple space!
[5, 2, 4, 3, 6]2
[5, 2, 4, 3, 6]3
[5, 2, 4, 3, 6]4
[5, 2, 4, 3, 6]5
[5, 2, 4, 3, 6]6
taken
taken
taken
taken
taken
[3, 5, 2, 4, 6]1
Error - Something is wrong there is no such knowledge in the tuple space!
[3, 5, 2, 4, 6]2
[3, 5, 2, 4, 6]3
[3, 5, 2, 4, 6]4
[3, 5, 2, 4, 6]5
[3, 5, 2, 4, 6]6
[3, 5, 2, 4, 6]1
Error - Something is wrong there is no such knowledge in the tuple space!
[3, 5, 2, 4, 6]2
[3, 5, 2, 4, 6]3
[3, 5, 2, 4, 6]4
[3, 5, 2, 4, 6]5
[3, 5, 2, 4, 6]6
taken
[5, 2, 4, 3, 6]1
Error - Something is wrong there is no such knowledge in the tuple space!
[5, 2, 4, 3, 6]2
[5, 2, 4, 3, 6]3
[5, 2, 4, 3, 6]4
[5, 2, 4, 3, 6]5
[5, 2, 4, 3, 6]6
taken
taken
taken
taken
taken
>>>>>>> 5e7037ee91f2aadf76164949f76e403982e98b18
